[Sun Sep 24 19:32:58 CDT 2023] UPDATED: CS 3424 
[Sun Sep 24 19:33:44 CDT 2023] UPDATED: CS 3424 ss
[Sun Sep 24 19:56:15 CDT 2023] UPDATED: CS 3424 
[Sun Sep 24 19:58:20 CDT 2023] UPDATED: CS 3424 
[Sun Sep 24 19:59:08 CDT 2023] UPDATED: CS 3424 
[Sun Sep 24 19:59:35 CDT 2023] UPDATED: CS 3424 
[Sun Sep 24 20:09:25 CDT 2023] UPDATED: CS 3424 
[Sun Sep 24 20:11:33 CDT 2023] UPDATED: CS 3424 
[Sun Sep 24 20:12:54 CDT 2023] UPDATED: CS 3424 
[Sun Sep 24 20:16:10 CDT 2023] UPDATED: CS 3424 
[Sun Sep 24 20:18:27 CDT 2023] UPDATED: CS 3424 
[Sun Sep 24 20:57:24 CDT 2023] UPDATED: CS  Systems Programming
[Sun Sep 24 21:01:31 CDT 2023] UPDATED: CS  Systems Programming
[Sun Sep 24 21:02:08 CDT 2023] UPDATED: CS  Systems Programming
[Sun Sep 24 21:09:09 CDT 2023] ENROLLMENT: CS 3424 Systems Programming
[Sun Sep 24 21:16:14 CDT 2023] ENROLLMENT: CS 3424 Systems Programming
[Sun Sep 24 21:17:22 CDT 2023] UPDATED: CS  Systems Programming
[Sun Sep 24 21:17:52 CDT 2023] DELETED: CS 3424 3424
[Sun Sep 24 21:18:34 CDT 2023] ENROLLMENT: CS 3424 Systems Programming
[Sun Sep 24 21:19:19 CDT 2023] ENROLLMENT: CS 3424 Systems Programming
[Sun Sep 24 21:23:43 CDT 2023] CREATED: CS 3423 Systems PRogramming
[Sun Sep 24 21:24:50 CDT 2023] DELETED: cs 3423 Systems PRogramming
[Sun Sep 24 21:25:22 CDT 2023] CREATED: CS 3423 systems programming
[Sun Sep 24 21:25:28 CDT 2023] DELETED: cs 3423 systems programming
